<?xml version="1.0" encoding="UTF-8"?>
<!-- Generated by org.testng.reporters.JUnitXMLReporter -->
<testsuite ignored="0" hostname="DESKTOP-0MUFT6L" failures="0" tests="5" name="Default test" time="7.372" errors="0" timestamp="2022-12-04T15:54:21 IST">
  <testcase classname="com.inetbanking.testCases.TC_LoginTestDDT" name="loginDDT" time="0.006"/>
  <testcase classname="com.inetbanking.testCases.TC_LoginTestDDT" name="loginDDT" time="0.003"/>
  <testcase classname="com.inetbanking.testCases.TC_LoginTestDDT" name="loginDDT" time="0.005"/>
  <testcase classname="com.inetbanking.testCases.TC_LoginTestDDT" name="loginDDT" time="0.001"/>
  <testcase classname="com.inetbanking.testCases.TC_LoginTestDDT" name="loginDDT" time="0.003"/>
</testsuite> <!-- Default test -->
