<?xml version="1.0" encoding="UTF-8"?>
<testng-results ignored="0" total="5" passed="5" failed="0" skipped="0">
  <reporter-output>
  </reporter-output>
  <suite started-at="2022-12-04T15:54:14 IST" name="Default suite" finished-at="2022-12-04T15:54:21 IST" duration-ms="7372">
    <groups>
    </groups>
    <test started-at="2022-12-04T15:54:14 IST" name="Default test" finished-at="2022-12-04T15:54:21 IST" duration-ms="7372">
      <class name="com.inetbanking.testCases.TC_LoginTestDDT">
        <test-method is-config="true" signature="beforeSuite()[pri:0, instance:com.inetbanking.testCases.TC_LoginTestDDT@1bb5a082]" started-at="2022-12-04T15:54:13 IST" name="beforeSuite" finished-at="2022-12-04T15:54:14 IST" duration-ms="130" status="PASS">
          <reporter-output>
          </reporter-output>
        </test-method> <!-- beforeSuite -->
        <test-method is-config="true" signature="beforeTest()[pri:0, instance:com.inetbanking.testCases.TC_LoginTestDDT@1bb5a082]" started-at="2022-12-04T15:54:14 IST" name="beforeTest" finished-at="2022-12-04T15:54:14 IST" duration-ms="3" status="PASS">
          <reporter-output>
          </reporter-output>
        </test-method> <!-- beforeTest -->
        <test-method is-config="true" signature="setup()[pri:0, instance:com.inetbanking.testCases.TC_LoginTestDDT@1bb5a082]" started-at="2022-12-04T15:54:14 IST" name="setup" finished-at="2022-12-04T15:54:20 IST" duration-ms="6009" status="PASS">
          <reporter-output>
          </reporter-output>
        </test-method> <!-- setup -->
        <test-method signature="loginDDT(java.lang.String,java.lang.String,java.lang.String)[pri:0, instance:com.inetbanking.testCases.TC_LoginTestDDT@1bb5a082]" started-at="2022-12-04T15:54:20 IST" name="loginDDT" data-provider="logindata" finished-at="2022-12-04T15:54:20 IST" duration-ms="6" status="PASS">
          <params>
            <param index="0">
              <value>
                <![CDATA[TC_001]]>
              </value>
            </param>
            <param index="1">
              <value>
                <![CDATA[mngr458559]]>
              </value>
            </param>
            <param index="2">
              <value>
                <![CDATA[emamEhy]]>
              </value>
            </param>
          </params>
          <reporter-output>
          </reporter-output>
        </test-method> <!-- loginDDT -->
        <test-method signature="loginDDT(java.lang.String,java.lang.String,java.lang.String)[pri:0, instance:com.inetbanking.testCases.TC_LoginTestDDT@1bb5a082]" started-at="2022-12-04T15:54:21 IST" name="loginDDT" data-provider="logindata" finished-at="2022-12-04T15:54:21 IST" duration-ms="3" status="PASS">
          <params>
            <param index="0">
              <value>
                <![CDATA[TC_002]]>
              </value>
            </param>
            <param index="1">
              <value>
                <![CDATA[mngr458669]]>
              </value>
            </param>
            <param index="2">
              <value>
                <![CDATA[amamhyE]]>
              </value>
            </param>
          </params>
          <reporter-output>
          </reporter-output>
        </test-method> <!-- loginDDT -->
        <test-method signature="loginDDT(java.lang.String,java.lang.String,java.lang.String)[pri:0, instance:com.inetbanking.testCases.TC_LoginTestDDT@1bb5a082]" started-at="2022-12-04T15:54:21 IST" name="loginDDT" data-provider="logindata" finished-at="2022-12-04T15:54:21 IST" duration-ms="5" status="PASS">
          <params>
            <param index="0">
              <value>
                <![CDATA[TC_003]]>
              </value>
            </param>
            <param index="1">
              <value>
                <![CDATA[mngr456789]]>
              </value>
            </param>
            <param index="2">
              <value>
                <![CDATA[kuklhfA]]>
              </value>
            </param>
          </params>
          <reporter-output>
          </reporter-output>
        </test-method> <!-- loginDDT -->
        <test-method signature="loginDDT(java.lang.String,java.lang.String,java.lang.String)[pri:0, instance:com.inetbanking.testCases.TC_LoginTestDDT@1bb5a082]" started-at="2022-12-04T15:54:21 IST" name="loginDDT" data-provider="logindata" finished-at="2022-12-04T15:54:21 IST" duration-ms="1" status="PASS">
          <params>
            <param index="0">
              <value>
                <![CDATA[TC_004]]>
              </value>
            </param>
            <param index="1">
              <value>
                <![CDATA[mngr458559]]>
              </value>
            </param>
            <param index="2">
              <value>
                <![CDATA[emamEhy]]>
              </value>
            </param>
          </params>
          <reporter-output>
          </reporter-output>
        </test-method> <!-- loginDDT -->
        <test-method signature="loginDDT(java.lang.String,java.lang.String,java.lang.String)[pri:0, instance:com.inetbanking.testCases.TC_LoginTestDDT@1bb5a082]" started-at="2022-12-04T15:54:21 IST" name="loginDDT" data-provider="logindata" finished-at="2022-12-04T15:54:21 IST" duration-ms="3" status="PASS">
          <params>
            <param index="0">
              <value>
                <![CDATA[TC_005]]>
              </value>
            </param>
            <param index="1">
              <value>
                <![CDATA[MNGR46587]]>
              </value>
            </param>
            <param index="2">
              <value>
                <![CDATA[wertyuvb]]>
              </value>
            </param>
          </params>
          <reporter-output>
          </reporter-output>
        </test-method> <!-- loginDDT -->
        <test-method is-config="true" signature="tearDown()[pri:0, instance:com.inetbanking.testCases.TC_LoginTestDDT@1bb5a082]" started-at="2022-12-04T15:54:21 IST" name="tearDown" finished-at="2022-12-04T15:54:21 IST" duration-ms="183" status="PASS">
          <reporter-output>
          </reporter-output>
        </test-method> <!-- tearDown -->
        <test-method is-config="true" signature="afterTest()[pri:0, instance:com.inetbanking.testCases.TC_LoginTestDDT@1bb5a082]" started-at="2022-12-04T15:54:21 IST" name="afterTest" finished-at="2022-12-04T15:54:21 IST" duration-ms="221" status="PASS">
          <reporter-output>
          </reporter-output>
        </test-method> <!-- afterTest -->
      </class> <!-- com.inetbanking.testCases.TC_LoginTestDDT -->
    </test> <!-- Default test -->
  </suite> <!-- Default suite -->
</testng-results>
