<?xml version="1.0" encoding="UTF-8"?>
<testng-results ignored="0" total="1" passed="1" failed="0" skipped="0">
  <reporter-output>
  </reporter-output>
  <suite started-at="2022-12-09T15:27:59 IST" name="Default suite" finished-at="2022-12-09T15:28:28 IST" duration-ms="29735">
    <groups>
    </groups>
    <test started-at="2022-12-09T15:27:59 IST" name="Default test" finished-at="2022-12-09T15:28:28 IST" duration-ms="29735">
      <class name="com.inetbanking.testCases.TC_AddCustomerTest">
        <test-method is-config="true" signature="beforeSuite()[pri:0, instance:com.inetbanking.testCases.TC_AddCustomerTest@5656be13]" started-at="2022-12-09T15:27:58 IST" name="beforeSuite" finished-at="2022-12-09T15:27:59 IST" duration-ms="231" status="PASS">
          <reporter-output>
          </reporter-output>
        </test-method> <!-- beforeSuite -->
        <test-method is-config="true" signature="beforeTest()[pri:0, instance:com.inetbanking.testCases.TC_AddCustomerTest@5656be13]" started-at="2022-12-09T15:27:59 IST" name="beforeTest" finished-at="2022-12-09T15:27:59 IST" duration-ms="5" status="PASS">
          <reporter-output>
          </reporter-output>
        </test-method> <!-- beforeTest -->
        <test-method is-config="true" signature="setup()[pri:0, instance:com.inetbanking.testCases.TC_AddCustomerTest@5656be13]" started-at="2022-12-09T15:27:59 IST" name="setup" finished-at="2022-12-09T15:28:04 IST" duration-ms="5886" status="PASS">
          <reporter-output>
          </reporter-output>
        </test-method> <!-- setup -->
        <test-method signature="addNewCustomer()[pri:0, instance:com.inetbanking.testCases.TC_AddCustomerTest@5656be13]" started-at="2022-12-09T15:28:04 IST" name="addNewCustomer" finished-at="2022-12-09T15:28:28 IST" duration-ms="23207" status="PASS">
          <reporter-output>
          </reporter-output>
        </test-method> <!-- addNewCustomer -->
        <test-method is-config="true" signature="tearDown()[pri:0, instance:com.inetbanking.testCases.TC_AddCustomerTest@5656be13]" started-at="2022-12-09T15:28:28 IST" name="tearDown" finished-at="2022-12-09T15:28:28 IST" duration-ms="206" status="PASS">
          <reporter-output>
          </reporter-output>
        </test-method> <!-- tearDown -->
        <test-method is-config="true" signature="afterTest()[pri:0, instance:com.inetbanking.testCases.TC_AddCustomerTest@5656be13]" started-at="2022-12-09T15:28:28 IST" name="afterTest" finished-at="2022-12-09T15:28:28 IST" duration-ms="384" status="PASS">
          <reporter-output>
          </reporter-output>
        </test-method> <!-- afterTest -->
      </class> <!-- com.inetbanking.testCases.TC_AddCustomerTest -->
    </test> <!-- Default test -->
  </suite> <!-- Default suite -->
</testng-results>
